

Processing ApplicationController#index (for 127.0.0.1 at 2009-11-07 10:31:01) [GET]

ActionController::RoutingError (No route matches "/member" with {:method=>:get}):
  

Rendering rescues/layout (not_found)


Processing MembersController#index (for 127.0.0.1 at 2009-11-07 10:31:05) [GET]
  [4;36;1mMember Load (0.0ms)[0m   [0;1mSQLite3::SQLException: no such table: members: SELECT * FROM "members" [0m

ActiveRecord::StatementInvalid (SQLite3::SQLException: no such table: members: SELECT * FROM "members" ):
  app/controllers/members_controller.rb:5:in `index'

Rendered rescues/_trace (67.0ms)
Rendered rescues/_request_and_response (2.4ms)
Rendering rescues/layout (internal_server_error)
  [4;36;1mSQL (0.3ms)[0m   [0;1m SELECT name
 FROM sqlite_master
 WHERE type = 'table' AND NOT name = 'sqlite_sequence'
[0m
  [4;35;1mSQL (0.2ms)[0m   [0mselect sqlite_version(*)[0m
  [4;36;1mSQL (3.1ms)[0m   [0;1mCREATE TABLE "schema_migrations" ("version" varchar(255) NOT NULL) [0m
  [4;35;1mSQL (2.7ms)[0m   [0mCREATE UNIQUE INDEX "unique_schema_migrations" ON "schema_migrations" ("version")[0m
  [4;36;1mSQL (0.3ms)[0m   [0;1m SELECT name
 FROM sqlite_master
 WHERE type = 'table' AND NOT name = 'sqlite_sequence'
[0m
  [4;35;1mSQL (0.1ms)[0m   [0mSELECT version FROM schema_migrations[0m
Migrating to CreateMembers (20091107182635)
  [4;36;1mSQL (0.7ms)[0m   [0;1mCREATE TABLE "members" ("id" INTEGER PRIMARY KEY AUTOINCREMENT NOT NULL, "name" varchar(255), "contact" varchar(255), "created_at" datetime, "updated_at" datetime) [0m
  [4;35;1mSQL (0.3ms)[0m   [0mINSERT INTO schema_migrations (version) VALUES ('20091107182635')[0m
Migrating to CreateBooks (20091107182703)
  [4;36;1mSQL (0.6ms)[0m   [0;1mCREATE TABLE "books" ("id" INTEGER PRIMARY KEY AUTOINCREMENT NOT NULL, "title" varchar(255), "description" text, "loaned" boolean, "created_at" datetime, "updated_at" datetime) [0m
  [4;35;1mSQL (0.3ms)[0m   [0mINSERT INTO schema_migrations (version) VALUES ('20091107182703')[0m
  [4;36;1mSQL (0.4ms)[0m   [0;1m SELECT name
 FROM sqlite_master
 WHERE type = 'table' AND NOT name = 'sqlite_sequence'
[0m
  [4;35;1mSQL (0.2ms)[0m   [0mSELECT version FROM schema_migrations[0m
  [4;36;1mSQL (0.2ms)[0m   [0;1m SELECT name
 FROM sqlite_master
 WHERE type = 'table' AND NOT name = 'sqlite_sequence'
[0m
  [4;35;1mSQL (0.1ms)[0m   [0mPRAGMA index_list("books")[0m
  [4;36;1mSQL (0.1ms)[0m   [0;1mPRAGMA index_list("members")[0m


Processing MembersController#index (for 127.0.0.1 at 2009-11-07 10:31:33) [GET]
  [4;36;1mMember Load (0.6ms)[0m   [0;1mSELECT * FROM "members" [0m
Rendering template within layouts/members
Rendering members/index
Completed in 144ms (View: 137, DB: 1) | 200 OK [http://localhost/members]


Processing MembersController#new (for 127.0.0.1 at 2009-11-07 10:31:35) [GET]
Rendering template within layouts/members
Rendering members/new
Completed in 22ms (View: 15, DB: 0) | 200 OK [http://localhost/members/new]


Processing MembersController#index (for 127.0.0.1 at 2009-11-07 10:31:37) [GET]
  [4;35;1mMember Load (0.5ms)[0m   [0mSELECT * FROM "members" [0m
Rendering template within layouts/members
Rendering members/index
Completed in 8ms (View: 2, DB: 0) | 200 OK [http://localhost/members]


Processing ApplicationController#index (for 127.0.0.1 at 2009-11-07 10:31:40) [GET]

ActionController::RoutingError (No route matches "/book" with {:method=>:get}):
  

Rendering rescues/layout (not_found)


Processing BooksController#index (for 127.0.0.1 at 2009-11-07 10:31:43) [GET]
  [4;36;1mBook Load (0.5ms)[0m   [0;1mSELECT * FROM "books" [0m
Rendering template within layouts/books
Rendering books/index
Completed in 28ms (View: 21, DB: 1) | 200 OK [http://localhost/books]


Processing MembersController#index (for 127.0.0.1 at 2009-11-07 10:32:09) [GET]
  [4;35;1mMember Load (0.5ms)[0m   [0mSELECT * FROM "members" [0m
Rendering template within layouts/members
Rendering members/index
Completed in 9ms (View: 2, DB: 0) | 200 OK [http://localhost/members]


Processing MembersController#new (for 127.0.0.1 at 2009-11-07 10:32:11) [GET]
Rendering template within layouts/members
Rendering members/new
Completed in 14ms (View: 7, DB: 0) | 200 OK [http://localhost/members/new]


Processing MembersController#create (for 127.0.0.1 at 2009-11-07 10:32:26) [POST]
  Parameters: {"commit"=>"Create", "authenticity_token"=>"5nA5x9c+HeYxlEY6d3pjXqDoqrs8Ajq4CsynRztZRE4=", "member"=>{"name"=>"Miles K. Forrest", "contact"=>"http://coderpath.com"}}
  [4;36;1mMember Create (0.7ms)[0m   [0;1mINSERT INTO "members" ("name", "created_at", "updated_at", "contact") VALUES('Miles K. Forrest', '2009-11-07 18:32:26', '2009-11-07 18:32:26', 'http://coderpath.com')[0m
Redirected to http://localhost:3000/members/1
Completed in 44ms (DB: 1) | 302 Found [http://localhost/members]


Processing MembersController#show (for 127.0.0.1 at 2009-11-07 10:32:26) [GET]
  Parameters: {"id"=>"1"}
  [4;35;1mMember Load (0.4ms)[0m   [0mSELECT * FROM "members" WHERE ("members"."id" = 1) [0m
Rendering template within layouts/members
Rendering members/show
Completed in 23ms (View: 10, DB: 0) | 200 OK [http://localhost/members/1]


Processing MembersController#index (for 127.0.0.1 at 2009-11-07 10:32:27) [GET]
  [4;36;1mMember Load (0.6ms)[0m   [0;1mSELECT * FROM "members" [0m
Rendering template within layouts/members
Rendering members/index
Completed in 16ms (View: 10, DB: 1) | 200 OK [http://localhost/members]


Processing MembersController#new (for 127.0.0.1 at 2009-11-07 10:32:29) [GET]
Rendering template within layouts/members
Rendering members/new
Completed in 14ms (View: 7, DB: 0) | 200 OK [http://localhost/members/new]


Processing MembersController#create (for 127.0.0.1 at 2009-11-07 10:32:36) [POST]
  Parameters: {"commit"=>"Create", "authenticity_token"=>"5nA5x9c+HeYxlEY6d3pjXqDoqrs8Ajq4CsynRztZRE4=", "member"=>{"name"=>"Alan Bailward", "contact"=>""}}
  [4;35;1mMember Create (0.8ms)[0m   [0mINSERT INTO "members" ("name", "created_at", "updated_at", "contact") VALUES('Alan Bailward', '2009-11-07 18:32:36', '2009-11-07 18:32:36', '')[0m
Redirected to http://localhost:3000/members/2
Completed in 554ms (DB: 1) | 302 Found [http://localhost/members]


Processing MembersController#show (for 127.0.0.1 at 2009-11-07 10:32:37) [GET]
  Parameters: {"id"=>"2"}
  [4;36;1mMember Load (0.5ms)[0m   [0;1mSELECT * FROM "members" WHERE ("members"."id" = 2) [0m
Rendering template within layouts/members
Rendering members/show
Completed in 24ms (View: 10, DB: 1) | 200 OK [http://localhost/members/2]


Processing MembersController#index (for 127.0.0.1 at 2009-11-07 10:32:38) [GET]
  [4;35;1mMember Load (0.9ms)[0m   [0mSELECT * FROM "members" [0m
Rendering template within layouts/members
Rendering members/index
Completed in 25ms (View: 18, DB: 1) | 200 OK [http://localhost/members]


Processing MembersController#new (for 127.0.0.1 at 2009-11-07 10:32:40) [GET]
Rendering template within layouts/members
Rendering members/new
Completed in 78ms (View: 71, DB: 0) | 200 OK [http://localhost/members/new]


Processing MembersController#create (for 127.0.0.1 at 2009-11-07 10:32:45) [POST]
  Parameters: {"commit"=>"Create", "authenticity_token"=>"5nA5x9c+HeYxlEY6d3pjXqDoqrs8Ajq4CsynRztZRE4=", "member"=>{"name"=>"Dan Kubb", "contact"=>""}}
  [4;36;1mMember Create (0.5ms)[0m   [0;1mINSERT INTO "members" ("name", "created_at", "updated_at", "contact") VALUES('Dan Kubb', '2009-11-07 18:32:45', '2009-11-07 18:32:45', '')[0m
Redirected to http://localhost:3000/members/3
Completed in 15ms (DB: 1) | 302 Found [http://localhost/members]


Processing MembersController#show (for 127.0.0.1 at 2009-11-07 10:32:45) [GET]
  Parameters: {"id"=>"3"}
  [4;35;1mMember Load (0.3ms)[0m   [0mSELECT * FROM "members" WHERE ("members"."id" = 3) [0m
Rendering template within layouts/members
Rendering members/show
Completed in 14ms (View: 4, DB: 0) | 200 OK [http://localhost/members/3]


Processing MembersController#index (for 127.0.0.1 at 2009-11-07 10:32:46) [GET]
  [4;36;1mMember Load (0.8ms)[0m   [0;1mSELECT * FROM "members" [0m
Rendering template within layouts/members
Rendering members/index
Completed in 27ms (View: 20, DB: 1) | 200 OK [http://localhost/members]


Processing MembersController#new (for 127.0.0.1 at 2009-11-07 10:32:47) [GET]
Rendering template within layouts/members
Rendering members/new
Completed in 14ms (View: 7, DB: 0) | 200 OK [http://localhost/members/new]


Processing MembersController#create (for 127.0.0.1 at 2009-11-07 10:33:01) [POST]
  Parameters: {"commit"=>"Create", "authenticity_token"=>"5nA5x9c+HeYxlEY6d3pjXqDoqrs8Ajq4CsynRztZRE4=", "member"=>{"name"=>"Curtis McHale", "contact"=>"http://curtismchale.com"}}
  [4;35;1mMember Create (0.5ms)[0m   [0mINSERT INTO "members" ("name", "created_at", "updated_at", "contact") VALUES('Curtis McHale', '2009-11-07 18:33:01', '2009-11-07 18:33:01', 'http://curtismchale.com')[0m
Redirected to http://localhost:3000/members/4
Completed in 48ms (DB: 1) | 302 Found [http://localhost/members]


Processing MembersController#show (for 127.0.0.1 at 2009-11-07 10:33:01) [GET]
  Parameters: {"id"=>"4"}
  [4;36;1mMember Load (0.3ms)[0m   [0;1mSELECT * FROM "members" WHERE ("members"."id" = 4) [0m
Rendering template within layouts/members
Rendering members/show
Completed in 13ms (View: 4, DB: 0) | 200 OK [http://localhost/members/4]


Processing MembersController#index (for 127.0.0.1 at 2009-11-07 10:33:03) [GET]
  [4;35;1mMember Load (1.0ms)[0m   [0mSELECT * FROM "members" [0m
Rendering template within layouts/members
Rendering members/index
Completed in 99ms (View: 92, DB: 1) | 200 OK [http://localhost/members]


Processing MembersController#new (for 127.0.0.1 at 2009-11-07 10:33:06) [GET]
Rendering template within layouts/members
Rendering members/new
Completed in 14ms (View: 7, DB: 0) | 200 OK [http://localhost/members/new]


Processing MembersController#create (for 127.0.0.1 at 2009-11-07 10:33:29) [POST]
  Parameters: {"commit"=>"Create", "authenticity_token"=>"5nA5x9c+HeYxlEY6d3pjXqDoqrs8Ajq4CsynRztZRE4=", "member"=>{"name"=>"Club Library", "contact"=>""}}
  [4;36;1mMember Create (0.5ms)[0m   [0;1mINSERT INTO "members" ("name", "created_at", "updated_at", "contact") VALUES('Club Library', '2009-11-07 18:33:29', '2009-11-07 18:33:29', '')[0m
Redirected to http://localhost:3000/members/5
Completed in 41ms (DB: 1) | 302 Found [http://localhost/members]


Processing MembersController#show (for 127.0.0.1 at 2009-11-07 10:33:29) [GET]
  Parameters: {"id"=>"5"}
  [4;35;1mMember Load (0.6ms)[0m   [0mSELECT * FROM "members" WHERE ("members"."id" = 5) [0m
Rendering template within layouts/members
Rendering members/show
Completed in 13ms (View: 4, DB: 1) | 200 OK [http://localhost/members/5]


Processing MembersController#index (for 127.0.0.1 at 2009-11-07 10:33:30) [GET]
  [4;36;1mMember Load (1.0ms)[0m   [0;1mSELECT * FROM "members" [0m
Rendering template within layouts/members
Rendering members/index
Completed in 39ms (View: 32, DB: 1) | 200 OK [http://localhost/members]


Processing BooksController#index (for 127.0.0.1 at 2009-11-07 10:33:39) [GET]
  [4;35;1mBook Load (0.5ms)[0m   [0mSELECT * FROM "books" [0m
Rendering template within layouts/books
Rendering books/index
Completed in 8ms (View: 2, DB: 1) | 200 OK [http://localhost/books]


Processing BooksController#new (for 127.0.0.1 at 2009-11-07 10:33:41) [GET]
Rendering template within layouts/books
Rendering books/new
Completed in 84ms (View: 77, DB: 0) | 200 OK [http://localhost/books/new]


Processing BooksController#create (for 127.0.0.1 at 2009-11-07 10:34:16) [POST]
  Parameters: {"commit"=>"Create", "authenticity_token"=>"5nA5x9c+HeYxlEY6d3pjXqDoqrs8Ajq4CsynRztZRE4=", "book"=>{"title"=>"The Rails Way", "loaned"=>"0", "description"=>"http://www.amazon.ca/Rails-Way-Obie-Fernandez/dp/0321445619/ref=sr_1_1?ie=UTF8&s=books&qid=1257618843&sr=8-1"}}
  [4;36;1mBook Create (0.5ms)[0m   [0;1mINSERT INTO "books" ("created_at", "title", "updated_at", "loaned", "description") VALUES('2009-11-07 18:34:16', 'The Rails Way', '2009-11-07 18:34:16', 'f', 'http://www.amazon.ca/Rails-Way-Obie-Fernandez/dp/0321445619/ref=sr_1_1?ie=UTF8&s=books&qid=1257618843&sr=8-1')[0m
Redirected to http://localhost:3000/books/1
Completed in 15ms (DB: 1) | 302 Found [http://localhost/books]


Processing BooksController#show (for 127.0.0.1 at 2009-11-07 10:34:16) [GET]
  Parameters: {"id"=>"1"}
  [4;35;1mBook Load (0.4ms)[0m   [0mSELECT * FROM "books" WHERE ("books"."id" = 1) [0m
Rendering template within layouts/books
Rendering books/show
Completed in 21ms (View: 10, DB: 0) | 200 OK [http://localhost/books/1]


Processing BooksController#index (for 127.0.0.1 at 2009-11-07 10:34:21) [GET]
  [4;36;1mBook Load (0.7ms)[0m   [0;1mSELECT * FROM "books" [0m
Rendering template within layouts/books
Rendering books/index
Completed in 18ms (View: 11, DB: 1) | 200 OK [http://localhost/books]


Processing BooksController#new (for 127.0.0.1 at 2009-11-07 10:34:24) [GET]
Rendering template within layouts/books
Rendering books/new
Completed in 15ms (View: 7, DB: 0) | 200 OK [http://localhost/books/new]


Processing BooksController#create (for 127.0.0.1 at 2009-11-07 10:35:03) [POST]
  Parameters: {"commit"=>"Create", "authenticity_token"=>"5nA5x9c+HeYxlEY6d3pjXqDoqrs8Ajq4CsynRztZRE4=", "book"=>{"title"=>"Programming Ruby 1.9", "loaned"=>"0", "description"=>"http://www.amazon.ca/Programming-Ruby-1-9-Pragmatic-Programmers/dp/1934356085/ref=sr_1_1?ie=UTF8&s=books&qid=1257618891&sr=1-1"}}
  [4;35;1mBook Create (0.6ms)[0m   [0mINSERT INTO "books" ("created_at", "title", "updated_at", "loaned", "description") VALUES('2009-11-07 18:35:03', 'Programming Ruby 1.9', '2009-11-07 18:35:03', 'f', 'http://www.amazon.ca/Programming-Ruby-1-9-Pragmatic-Programmers/dp/1934356085/ref=sr_1_1?ie=UTF8&s=books&qid=1257618891&sr=1-1')[0m
Redirected to http://localhost:3000/books/2
Completed in 45ms (DB: 1) | 302 Found [http://localhost/books]


Processing BooksController#show (for 127.0.0.1 at 2009-11-07 10:35:03) [GET]
  Parameters: {"id"=>"2"}
  [4;36;1mBook Load (0.4ms)[0m   [0;1mSELECT * FROM "books" WHERE ("books"."id" = 2) [0m
Rendering template within layouts/books
Rendering books/show
Completed in 13ms (View: 4, DB: 0) | 200 OK [http://localhost/books/2]


Processing BooksController#index (for 127.0.0.1 at 2009-11-07 10:35:05) [GET]
  [4;35;1mBook Load (0.9ms)[0m   [0mSELECT * FROM "books" [0m
Rendering template within layouts/books
Rendering books/index
Completed in 22ms (View: 15, DB: 1) | 200 OK [http://localhost/books]


Processing MembersController#index (for 127.0.0.1 at 2009-11-07 10:35:12) [GET]
  [4;36;1mMember Load (1.0ms)[0m   [0;1mSELECT * FROM "members" [0m
Rendering template within layouts/members
Rendering members/index
Completed in 39ms (View: 32, DB: 1) | 200 OK [http://localhost/members]


Processing BooksController#index (for 127.0.0.1 at 2009-11-07 10:35:18) [GET]
  [4;35;1mBook Load (0.7ms)[0m   [0mSELECT * FROM "books" [0m
Rendering template within layouts/books
Rendering books/index
Completed in 22ms (View: 15, DB: 1) | 200 OK [http://localhost/books]
  [4;36;1mSQL (0.8ms)[0m   [0;1m SELECT name
 FROM sqlite_master
 WHERE type = 'table' AND NOT name = 'sqlite_sequence'
[0m
  [4;35;1mSQL (0.2ms)[0m   [0mSELECT version FROM schema_migrations[0m
Migrating to CreateMembers (20091107182635)
Migrating to CreateBooks (20091107182703)
Migrating to AddBookForeignKeys (20091107184630)
  [4;36;1mSQL (0.1ms)[0m   [0;1mselect sqlite_version(*)[0m
  [4;35;1mSQL (0.7ms)[0m   [0mALTER TABLE "books" ADD "member_id" integer[0m
  [4;36;1mSQL (0.2ms)[0m   [0;1mINSERT INTO schema_migrations (version) VALUES ('20091107184630')[0m
  [4;35;1mSQL (1.7ms)[0m   [0m SELECT name
 FROM sqlite_master
 WHERE type = 'table' AND NOT name = 'sqlite_sequence'
[0m
  [4;36;1mSQL (0.3ms)[0m   [0;1mSELECT version FROM schema_migrations[0m
  [4;35;1mSQL (2.4ms)[0m   [0m SELECT name
 FROM sqlite_master
 WHERE type = 'table' AND NOT name = 'sqlite_sequence'
[0m
  [4;36;1mSQL (1.1ms)[0m   [0;1mPRAGMA index_list("books")[0m
  [4;35;1mSQL (0.2ms)[0m   [0mPRAGMA index_list("members")[0m
  [4;36;1mMember Load (1.1ms)[0m   [0;1mSELECT * FROM "members" [0m
  [4;35;1mMember Load (0.5ms)[0m   [0mSELECT * FROM "members" WHERE ("members"."id" = 1) [0m
  [4;36;1mBook Load (0.5ms)[0m   [0;1mSELECT * FROM "books" WHERE ("books"."id" = 1) [0m
  [4;35;1mMember Load (0.5ms)[0m   [0mSELECT * FROM "members" WHERE ("members"."id" = 1) [0m
  [4;36;1mBook Load (0.3ms)[0m   [0;1mSELECT * FROM "books" WHERE ("books".member_id = 1) [0m
  [4;35;1mBook Load (0.3ms)[0m   [0mSELECT * FROM "books" WHERE ("books".member_id = 1) [0m
